<?xml version="1.0" encoding="UTF-8"?>
<!-- Generated by org.testng.reporters.JUnitReportReporter -->
<testsuite hostname="pelg01" failures="0" tests="8" name="Tests.CreateUserPlatformAdminTest" time="104.660" errors="0" timestamp="2022-01-28T09:45:21 GMT" skipped="0">
  <testcase classname="Tests.CreateUserPlatformAdminTest" name="blank_username_blank_password" time="14.566"/>
  <system-out/>
  <testcase classname="Tests.CreateUserPlatformAdminTest" name="valid_username_blank_password" time="10.628"/>
  <system-out/>
  <testcase classname="Tests.CreateUserPlatformAdminTest" name="blank_username_valid_password" time="9.746"/>
  <system-out/>
  <testcase classname="Tests.CreateUserPlatformAdminTest" name="invalid_username_blank_password" time="9.622"/>
  <system-out/>
  <testcase classname="Tests.CreateUserPlatformAdminTest" name="blank_username_invalid_password" time="9.721"/>
  <system-out/>
  <testcase classname="Tests.CreateUserPlatformAdminTest" name="invalid_credentials" time="11.752"/>
  <system-out/>
  <testcase classname="Tests.CreateUserPlatformAdminTest" name="create_user_with_existing_username_password" time="14.575"/>
  <system-out/>
  <testcase classname="Tests.CreateUserPlatformAdminTest" name="search_user" time="24.050"/>
  <system-out/>
</testsuite> <!-- Tests.CreateUserPlatformAdminTest -->
