<?xml version="1.0" encoding="UTF-8"?>
<!-- Generated by org.testng.reporters.JUnitReportReporter -->
<testsuite hostname="pelg01" failures="0" tests="16" name="Tests.AnalyticsTest" time="130.299" errors="0" timestamp="2022-01-28T09:45:21 GMT" skipped="0">
  <testcase classname="Tests.AnalyticsTest" name="test_organization_arrows_on_analytics_page" time="16.768"/>
  <system-out/>
  <testcase classname="Tests.AnalyticsTest" name="hover_total_users_on_Analytics_page" time="3.234"/>
  <system-out/>
  <testcase classname="Tests.AnalyticsTest" name="hover_total_documents_on_Analytics_page" time="3.286"/>
  <system-out/>
  <testcase classname="Tests.AnalyticsTest" name="hover_processed_documents_on_Analytics_page" time="3.251"/>
  <system-out/>
  <testcase classname="Tests.AnalyticsTest" name="hover_ready_to_process_on_Analytics_page" time="3.235"/>
  <system-out/>
  <testcase classname="Tests.AnalyticsTest" name="hover_ready_to_rejected_documents_on_Analytics_page" time="3.245"/>
  <system-out/>
  <testcase classname="Tests.AnalyticsTest" name="hover_validation_time_on_Analytics_page" time="3.269"/>
  <system-out/>
  <testcase classname="Tests.AnalyticsTest" name="hover_on_structured_on_Analytics_page" time="5.528"/>
  <system-out/>
  <testcase classname="Tests.AnalyticsTest" name="hover_on_semistructured_on_Analytics_page" time="6.546"/>
  <system-out/>
  <testcase classname="Tests.AnalyticsTest" name="hover_on_freeform_on_Analytics_page" time="6.582"/>
  <system-out/>
  <testcase classname="Tests.AnalyticsTest" name="hover_on_medicalchart_on_Analytics_page" time="14.883"/>
  <system-out/>
  <testcase classname="Tests.AnalyticsTest" name="search_project_on_Analytics_page" time="10.379"/>
  <system-out/>
  <testcase classname="Tests.AnalyticsTest" name="select_overall_data_on_Analytics_page" time="5.118"/>
  <system-out/>
  <testcase classname="Tests.AnalyticsTest" name="select_monthly_data_on_Analytics_page" time="12.240"/>
  <system-out/>
  <testcase classname="Tests.AnalyticsTest" name="select_weekly_data_on_Analytics_page" time="12.218"/>
  <system-out/>
  <testcase classname="Tests.AnalyticsTest" name="select_daily_data_on_Analytics_page" time="20.517"/>
  <system-out/>
</testsuite> <!-- Tests.AnalyticsTest -->
