<?xml version="1.0" encoding="UTF-8"?>
<!-- Generated by org.testng.reporters.JUnitReportReporter -->
<testsuite hostname="pelg01" failures="0" tests="1" name="Tests.UpdateUserPlatformAdminTest" time="202.886" errors="0" timestamp="2022-01-28T09:45:21 GMT" skipped="0">
  <testcase classname="Tests.UpdateUserPlatformAdminTest" name="PlatformAdminUpdateUserFlow" time="202.886"/>
  <system-out/>
</testsuite> <!-- Tests.UpdateUserPlatformAdminTest -->
