<?xml version="1.0" encoding="UTF-8"?>
<!-- Generated by org.testng.reporters.JUnitReportReporter -->
<testsuite hostname="pelg01" failures="0" tests="12" name="Tests.DataSetTest" time="74.808" errors="0" timestamp="2022-01-28T09:45:21 GMT" skipped="0">
  <testcase classname="Tests.DataSetTest" name="create_category_with_blank_name" time="8.501"/>
  <system-out/>
  <testcase classname="Tests.DataSetTest" name="create_category_with_invalid_name" time="4.284"/>
  <system-out/>
  <testcase classname="Tests.DataSetTest" name="create_category_with_valid_name" time="7.320"/>
  <system-out/>
  <testcase classname="Tests.DataSetTest" name="add_dataset_with_blank_and_no_chosen_file" time="4.273"/>
  <system-out/>
  <testcase classname="Tests.DataSetTest" name="add_dataset_with_blank_and_name_chosen_file" time="5.358"/>
  <system-out/>
  <testcase classname="Tests.DataSetTest" name="add_dataset_with_csv_file_validation" time="6.423"/>
  <system-out/>
  <testcase classname="Tests.DataSetTest" name="add_dataset_created_category_name_chosen_file_valid_type" time="4.252"/>
  <system-out/>
  <testcase classname="Tests.DataSetTest" name="validation_type_as_name_to_create_new_dataset" time="6.281"/>
  <system-out/>
  <testcase classname="Tests.DataSetTest" name="validation_type_as_phone_role_to_create_new_dataset" time="11.140"/>
  <system-out/>
  <testcase classname="Tests.DataSetTest" name="search_created_document_and_expand" time="4.344"/>
  <system-out/>
  <testcase classname="Tests.DataSetTest" name="select_open_file_and_cancel" time="6.304"/>
  <system-out/>
  <testcase classname="Tests.DataSetTest" name="disable_dataset" time="6.328"/>
  <system-out/>
</testsuite> <!-- Tests.DataSetTest -->
