<?xml version="1.0" encoding="UTF-8"?>
<!-- Generated by org.testng.reporters.JUnitReportReporter -->
<testsuite hostname="pelg01" failures="0" tests="10" name="Tests.CreateUpdateRolePlatformAdminTest" time="149.062" errors="0" timestamp="2022-01-28T09:45:21 GMT" skipped="0">
  <testcase classname="Tests.CreateUpdateRolePlatformAdminTest" name="create_role_with_blank_rolename_permission" time="19.231"/>
  <system-out/>
  <testcase classname="Tests.CreateUpdateRolePlatformAdminTest" name="create_role_with_valid_rolename_blank_permission" time="11.926"/>
  <system-out/>
  <testcase classname="Tests.CreateUpdateRolePlatformAdminTest" name="create_role_with_blank_rolename_valid_permission" time="15.496"/>
  <system-out/>
  <testcase classname="Tests.CreateUpdateRolePlatformAdminTest" name="create_role_with_valid_rolename_permission" time="16.644"/>
  <system-out/>
  <testcase classname="Tests.CreateUpdateRolePlatformAdminTest" name="create_role_with_existing_name" time="17.644"/>
  <system-out/>
  <testcase classname="Tests.CreateUpdateRolePlatformAdminTest" name="search_created_role" time="3.371"/>
  <system-out/>
  <testcase classname="Tests.CreateUpdateRolePlatformAdminTest" name="update_role_with_valid_data" time="17.464"/>
  <system-out/>
  <testcase classname="Tests.CreateUpdateRolePlatformAdminTest" name="remove_all_permissions_update" time="15.476"/>
  <system-out/>
  <testcase classname="Tests.CreateUpdateRolePlatformAdminTest" name="disable_status_role_update" time="13.325"/>
  <system-out/>
  <testcase classname="Tests.CreateUpdateRolePlatformAdminTest" name="enable_status_role_update" time="18.485"/>
  <system-out/>
</testsuite> <!-- Tests.CreateUpdateRolePlatformAdminTest -->
