<?xml version="1.0" encoding="UTF-8"?>
<!-- Generated by org.testng.reporters.JUnitReportReporter -->
<testsuite hostname="pelg01" failures="0" tests="15" name="Tests.FunctionalTabTest" time="169.883" errors="0" timestamp="2022-01-28T09:45:21 GMT" skipped="0">
  <testcase classname="Tests.FunctionalTabTest" name="click_on_n_icon" time="3.213"/>
  <system-out/>
  <testcase classname="Tests.FunctionalTabTest" name="horizontal_users_tab" time="9.196"/>
  <system-out/>
  <testcase classname="Tests.FunctionalTabTest" name="horizontal_roles_tab" time="11.209"/>
  <system-out/>
  <testcase classname="Tests.FunctionalTabTest" name="horizontal_templates_tab" time="14.223"/>
  <system-out/>
  <testcase classname="Tests.FunctionalTabTest" name="horizontal_datasets_tab" time="11.279"/>
  <system-out/>
  <testcase classname="Tests.FunctionalTabTest" name="horizontal_projects_tab" time="14.284"/>
  <system-out/>
  <testcase classname="Tests.FunctionalTabTest" name="horizontal_documents_tab" time="11.279"/>
  <system-out/>
  <testcase classname="Tests.FunctionalTabTest" name="horizontal_analytics_tab" time="11.300"/>
  <system-out/>
  <testcase classname="Tests.FunctionalTabTest" name="vertical_users_tab" time="11.312"/>
  <system-out/>
  <testcase classname="Tests.FunctionalTabTest" name="vertical_roles_tab" time="11.218"/>
  <system-out/>
  <testcase classname="Tests.FunctionalTabTest" name="vertical_templates_tab" time="14.237"/>
  <system-out/>
  <testcase classname="Tests.FunctionalTabTest" name="vertical_datasets_tab" time="11.908"/>
  <system-out/>
  <testcase classname="Tests.FunctionalTabTest" name="vertical_projects_tab" time="13.287"/>
  <system-out/>
  <testcase classname="Tests.FunctionalTabTest" name="vertical_Documents_tab" time="11.336"/>
  <system-out/>
  <testcase classname="Tests.FunctionalTabTest" name="vertical_analytics_tab" time="10.602"/>
  <system-out/>
</testsuite> <!-- Tests.FunctionalTabTest -->
