<?xml version="1.0" encoding="UTF-8"?>
<!-- Generated by org.testng.reporters.JUnitReportReporter -->
<testsuite hostname="pelg01" failures="0" tests="1" name="Tests.CreateUserAdminTest" time="91.181" errors="0" timestamp="2022-01-28T09:45:21 GMT" skipped="0">
  <testcase classname="Tests.CreateUserAdminTest" name="CreateUserAdminFlow" time="91.181"/>
  <system-out/>
</testsuite> <!-- Tests.CreateUserAdminTest -->
