<?xml version="1.0" encoding="UTF-8"?>
<!-- Generated by org.testng.reporters.JUnitReportReporter -->
<testsuite hostname="pelg01" failures="0" tests="9" name="Tests.DocProcessFreeFormTest" time="158.748" errors="0" timestamp="2022-01-28T09:45:21 GMT" skipped="0">
  <testcase classname="Tests.DocProcessFreeFormTest" name="search_project" time="24.306"/>
  <system-out/>
  <testcase classname="Tests.DocProcessFreeFormTest" name="search_document" time="6.460"/>
  <system-out/>
  <testcase classname="Tests.DocProcessFreeFormTest" name="update_document_cancel_it" time="16.688"/>
  <system-out/>
  <testcase classname="Tests.DocProcessFreeFormTest" name="hide_unhide_analytics" time="6.305"/>
  <system-out/>
  <testcase classname="Tests.DocProcessFreeFormTest" name="documents_filter" time="15.602"/>
  <system-out/>
  <testcase classname="Tests.DocProcessFreeFormTest" name="sorting" time="34.431"/>
  <system-out/>
  <testcase classname="Tests.DocProcessFreeFormTest" name="items_per_page" time="4.248"/>
  <system-out/>
  <testcase classname="Tests.DocProcessFreeFormTest" name="next_page_previous_page_first_page_last_page" time="16.788"/>
  <system-out/>
  <testcase classname="Tests.DocProcessFreeFormTest" name="anti_clockwise_clockwise_zoomin_zoomout_navigate_right_left" time="33.920"/>
  <system-out/>
</testsuite> <!-- Tests.DocProcessFreeFormTest -->
