<?xml version="1.0" encoding="UTF-8"?>
<!-- Generated by org.testng.reporters.JUnitReportReporter -->
<testsuite hostname="pelg01" failures="0" tests="2" name="Tests.TemplateTest" time="25.023" errors="0" timestamp="2022-01-28T09:45:21 GMT" skipped="0">
  <testcase classname="Tests.TemplateTest" name="create_template_with_invalid_name" time="17.711"/>
  <system-out/>
  <testcase classname="Tests.TemplateTest" name="create_template_with_valid_name_no_chosen_file" time="7.312"/>
  <system-out/>
</testsuite> <!-- Tests.TemplateTest -->
