<?xml version="1.0" encoding="UTF-8"?>
<!-- Generated by org.testng.reporters.JUnitReportReporter -->
<testsuite hostname="pelg01" failures="0" tests="9" name="Tests.DocProcessSemiStructuredTest" time="155.434" errors="0" timestamp="2022-01-28T09:45:21 GMT" skipped="0">
  <testcase classname="Tests.DocProcessSemiStructuredTest" name="search_project" time="19.283"/>
  <system-out/>
  <testcase classname="Tests.DocProcessSemiStructuredTest" name="searchbox_document" time="8.460"/>
  <system-out/>
  <testcase classname="Tests.DocProcessSemiStructuredTest" name="update_document_cancel" time="17.579"/>
  <system-out/>
  <testcase classname="Tests.DocProcessSemiStructuredTest" name="hide_unhide_analytics" time="6.304"/>
  <system-out/>
  <testcase classname="Tests.DocProcessSemiStructuredTest" name="documents_filter" time="16.552"/>
  <system-out/>
  <testcase classname="Tests.DocProcessSemiStructuredTest" name="sorting" time="34.478"/>
  <system-out/>
  <testcase classname="Tests.DocProcessSemiStructuredTest" name="items_page" time="4.243"/>
  <system-out/>
  <testcase classname="Tests.DocProcessSemiStructuredTest" name="next_page_previous_page_first_page_last_page" time="16.647"/>
  <system-out/>
  <testcase classname="Tests.DocProcessSemiStructuredTest" name="anticlockwise_clockwise_zoomin_zoomout_navigate_right_left" time="31.888"/>
  <system-out/>
</testsuite> <!-- Tests.DocProcessSemiStructuredTest -->
